# JRE version: Java(TM) SE Runtime Environment (8.0_231-b11) (build 1.8.0_231-b11)
# Java VM: Java HotSpot(TM) 64-Bit Server VM (25.231-b11 mixed mode windows-amd64 compressed oops)
Heap:
 PSYoungGen      total 923648K, used 604224K [0x000000076b700000, 0x00000007c0000000, 0x00000007c0000000)
  eden space 461824K, 100% used [0x000000076b700000,0x0000000787a00000,0x0000000787a00000)
  from space 461824K, 30% used [0x00000007a3d00000,0x00000007ac810000,0x00000007c0000000)
  to   space 461824K, 1% used [0x0000000787a00000,0x0000000788178000,0x00000007a3d00000)
 ParOldGen       total 1744384K, used 1190253K [0x00000006c2400000, 0x000000072cb80000, 0x000000076b700000)
  object space 1744384K, 68% used [0x00000006c2400000,0x000000070ae5b488,0x000000072cb80000)
 Metaspace       used 4922K, capacity 5122K, committed 5248K, reserved 1056768K
  class space    used 550K, capacity 608K, committed 640K, reserved 1048576K
GC Heap History (10 events):
Event: 6.642 GC heap after
Heap after GC invocations=15 (full 3):
 PSYoungGen      total 856576K, used 367264K [0x000000076b700000, 0x00000007c0000000, 0x00000007c0000000)
  eden space 461824K, 0% used [0x000000076b700000,0x000000076b700000,0x0000000787a00000)
  from space 394752K, 93% used [0x00000007a7e80000,0x00000007be528000,0x00000007c0000000)
  to   space 461824K, 0% used [0x0000000787a00000,0x0000000787a00000,0x00000007a3d00000)
 ParOldGen       total 669184K, used 668497K [0x00000006c2400000, 0x00000006eb180000, 0x000000076b700000)
  object space 669184K, 99% used [0x00000006c2400000,0x00000006eb0d4728,0x00000006eb180000)
 Metaspace       used 4922K, capacity 5122K, committed 5248K, reserved 1056768K
  class space    used 550K, capacity 608K, committed 640K, reserved 1048576K
}
Event: 6.642 GC heap before
{Heap before GC invocations=16 (full 4):
 PSYoungGen      total 856576K, used 367264K [0x000000076b700000, 0x00000007c0000000, 0x00000007c0000000)
  eden space 461824K, 0% used [0x000000076b700000,0x000000076b700000,0x0000000787a00000)
  from space 394752K, 93% used [0x00000007a7e80000,0x00000007be528000,0x00000007c0000000)
  to   space 461824K, 0% used [0x0000000787a00000,0x0000000787a00000,0x00000007a3d00000)
 ParOldGen       total 669184K, used 668497K [0x00000006c2400000, 0x00000006eb180000, 0x000000076b700000)
  object space 669184K, 99% used [0x00000006c2400000,0x00000006eb0d4728,0x00000006eb180000)
 Metaspace       used 4922K, capacity 5122K, committed 5248K, reserved 1056768K
  class space    used 550K, capacity 608K, committed 640K, reserved 1048576K
Event: 10.249 GC heap after
Heap after GC invocations=16 (full 4):
 PSYoungGen      total 856576K, used 365214K [0x000000076b700000, 0x00000007c0000000, 0x00000007c0000000)
  eden space 461824K, 0% used [0x000000076b700000,0x000000076b700000,0x0000000787a00000)
  from space 394752K, 92% used [0x00000007a7e80000,0x00000007be327938,0x00000007c0000000)
  to   space 461824K, 0% used [0x0000000787a00000,0x0000000787a00000,0x00000007a3d00000)
 ParOldGen       total 1132544K, used 669118K [0x00000006c2400000, 0x0000000707600000, 0x000000076b700000)
  object space 1132544K, 59% used [0x00000006c2400000,0x00000006eb16f8f8,0x0000000707600000)
 Metaspace       used 4922K, capacity 5122K, committed 5248K, reserved 1056768K
  class space    used 550K, capacity 608K, committed 640K, reserved 1048576K
}
Event: 10.357 GC heap before
{Heap before GC invocations=17 (full 4):
 PSYoungGen      total 856576K, used 827038K [0x000000076b700000, 0x00000007c0000000, 0x00000007c0000000)
  eden space 461824K, 100% used [0x000000076b700000,0x0000000787a00000,0x0000000787a00000)
  from space 394752K, 92% used [0x00000007a7e80000,0x00000007be327938,0x00000007c0000000)
  to   space 461824K, 0% used [0x0000000787a00000,0x0000000787a00000,0x00000007a3d00000)
 ParOldGen       total 1132544K, used 669118K [0x00000006c2400000, 0x0000000707600000, 0x000000076b700000)
  object space 1132544K, 59% used [0x00000006c2400000,0x00000006eb16f8f8,0x0000000707600000)
 Metaspace       used 4922K, capacity 5122K, committed 5248K, reserved 1056768K
  class space    used 550K, capacity 608K, committed 640K, reserved 1048576K
Event: 11.940 GC heap after
Heap after GC invocations=17 (full 4):
 PSYoungGen      total 923648K, used 142432K [0x000000076b700000, 0x00000007c0000000, 0x00000007c0000000)
  eden space 461824K, 0% used [0x000000076b700000,0x000000076b700000,0x0000000787a00000)
  from space 461824K, 30% used [0x0000000787a00000,0x0000000790518000,0x00000007a3d00000)
  to   space 461824K, 0% used [0x00000007a3d00000,0x00000007a3d00000,0x00000007c0000000)
 ParOldGen       total 1132544K, used 1035718K [0x00000006c2400000, 0x0000000707600000, 0x000000076b700000)
  object space 1132544K, 91% used [0x00000006c2400000,0x00000007017718f8,0x0000000707600000)
 Metaspace       used 4922K, capacity 5122K, committed 5248K, reserved 1056768K
  class space    used 550K, capacity 608K, committed 640K, reserved 1048576K
}
Event: 11.940 GC heap before
{Heap before GC invocations=18 (full 5):
 PSYoungGen      total 923648K, used 142432K [0x000000076b700000, 0x00000007c0000000, 0x00000007c0000000)
  eden space 461824K, 0% used [0x000000076b700000,0x000000076b700000,0x0000000787a00000)
  from space 461824K, 30% used [0x0000000787a00000,0x0000000790518000,0x00000007a3d00000)
  to   space 461824K, 0% used [0x00000007a3d00000,0x00000007a3d00000,0x00000007c0000000)
 ParOldGen       total 1132544K, used 1035718K [0x00000006c2400000, 0x0000000707600000, 0x000000076b700000)
  object space 1132544K, 91% used [0x00000006c2400000,0x00000007017718f8,0x0000000707600000)
 Metaspace       used 4922K, capacity 5122K, committed 5248K, reserved 1056768K
  class space    used 550K, capacity 608K, committed 640K, reserved 1048576K
Event: 15.454 GC heap after
Heap after GC invocations=18 (full 5):
 PSYoungGen      total 923648K, used 43890K [0x000000076b700000, 0x00000007c0000000, 0x00000007c0000000)
  eden space 461824K, 0% used [0x000000076b700000,0x000000076b700000,0x0000000787a00000)
  from space 461824K, 9% used [0x0000000787a00000,0x000000078a4dcb00,0x00000007a3d00000)
  to   space 461824K, 0% used [0x00000007a3d00000,0x00000007a3d00000,0x00000007c0000000)
 ParOldGen       total 1744384K, used 1132541K [0x00000006c2400000, 0x000000072cb80000, 0x000000076b700000)
  object space 1744384K, 64% used [0x00000006c2400000,0x00000007075ff488,0x000000072cb80000)
 Metaspace       used 4922K, capacity 5122K, committed 5248K, reserved 1056768K
  class space    used 550K, capacity 608K, committed 640K, reserved 1048576K
}
Event: 15.566 GC heap before
{Heap before GC invocations=19 (full 5):
 PSYoungGen      total 923648K, used 505714K [0x000000076b700000, 0x00000007c0000000, 0x00000007c0000000)
  eden space 461824K, 100% used [0x000000076b700000,0x0000000787a00000,0x0000000787a00000)
  from space 461824K, 9% used [0x0000000787a00000,0x000000078a4dcb00,0x00000007a3d00000)
  to   space 461824K, 0% used [0x00000007a3d00000,0x00000007a3d00000,0x00000007c0000000)
 ParOldGen       total 1744384K, used 1132541K [0x00000006c2400000, 0x000000072cb80000, 0x000000076b700000)
  object space 1744384K, 64% used [0x00000006c2400000,0x00000007075ff488,0x000000072cb80000)
 Metaspace       used 4922K, capacity 5122K, committed 5248K, reserved 1056768K
  class space    used 550K, capacity 608K, committed 640K, reserved 1048576K
Event: 16.193 GC heap after
Heap after GC invocations=19 (full 5):
 PSYoungGen      total 923648K, used 142400K [0x000000076b700000, 0x00000007c0000000, 0x00000007c0000000)
  eden space 461824K, 0% used [0x000000076b700000,0x000000076b700000,0x0000000787a00000)
  from space 461824K, 30% used [0x00000007a3d00000,0x00000007ac810000,0x00000007c0000000)
  to   space 461824K, 0% used [0x0000000787a00000,0x0000000787a00000,0x00000007a3d00000)
 ParOldGen       total 1744384K, used 1176645K [0x00000006c2400000, 0x000000072cb80000, 0x000000076b700000)
  object space 1744384K, 67% used [0x00000006c2400000,0x000000070a111488,0x000000072cb80000)
 Metaspace       used 4922K, capacity 5122K, committed 5248K, reserved 1056768K
  class space    used 550K, capacity 608K, committed 640K, reserved 1048576K
}
Event: 16.306 GC heap before
{Heap before GC invocations=20 (full 5):
 PSYoungGen      total 923648K, used 604224K [0x000000076b700000, 0x00000007c0000000, 0x00000007c0000000)
  eden space 461824K, 100% used [0x000000076b700000,0x0000000787a00000,0x0000000787a00000)
  from space 461824K, 30% used [0x00000007a3d00000,0x00000007ac810000,0x00000007c0000000)
  to   space 461824K, 0% used [0x0000000787a00000,0x0000000787a00000,0x00000007a3d00000)
 ParOldGen       total 1744384K, used 1176645K [0x00000006c2400000, 0x000000072cb80000, 0x000000076b700000)
  object space 1744384K, 67% used [0x00000006c2400000,0x000000070a111488,0x000000072cb80000)
 Metaspace       used 4922K, capacity 5122K, committed 5248K, reserved 1056768K
  class space    used 550K, capacity 608K, committed 640K, reserved 1048576K

